<?xml version="1.0" encoding="UTF-8"?>
<testng-results ignored="0" total="1" passed="1" failed="0" skipped="0">
  <reporter-output>
  </reporter-output>
  <suite started-at="2023-08-23T15:26:54 IST" name="Surefire suite" finished-at="2023-08-23T15:26:54 IST" duration-ms="29">
    <groups>
    </groups>
    <test started-at="2023-08-23T15:26:54 IST" name="Surefire test" finished-at="2023-08-23T15:26:54 IST" duration-ms="29">
      <class name="demo.FameWorkProject.AppTest">
        <test-method signature="shouldAnswerWithTrue()" started-at="2023-08-23T15:26:54 IST" name="shouldAnswerWithTrue" finished-at="2023-08-23T15:26:54 IST" duration-ms="5" status="PASS">
          <reporter-output>
          </reporter-output>
        </test-method> <!-- shouldAnswerWithTrue -->
      </class> <!-- demo.FameWorkProject.AppTest -->
    </test> <!-- Surefire test -->
  </suite> <!-- Surefire suite -->
</testng-results>
