<?xml version="1.0" encoding="UTF-8"?>
<!-- Generated by org.testng.reporters.JUnitXMLReporter -->
<testsuite ignored="0" hostname="TS1WLKP" failures="0" tests="4" name="Test" time="93.452" errors="0" timestamp="2023-07-25T17:45:03 IST">
  <testcase classname="test.RegisterTest" name="register" time="28.314"/>
  <testcase classname="test.LoginTest" name="login" time="12.885"/>
  <testcase classname="test.LoginTest" name="login" time="22.775"/>
  <testcase classname="test.AddToCartTest" name="login" time="19.641"/>
</testsuite> <!-- Test -->
